<?xml version="1.0" encoding="UTF-8"?>
<testsuite xmlns:xsi="http://www.w3.org/2001/XMLSchema-instance" xsi:noNamespaceSchemaLocation="https://maven.apache.org/surefire/maven-surefire-plugin/xsd/surefire-test-report.xsd" version="3.0.1" name="com.jacksovern.jpkg.ListManagerTest" time="0.024" tests="3" errors="3" skipped="0" failures="0">
  <properties>
    <property name="java.specification.version" value="23"/>
    <property name="sun.jnu.encoding" value="UTF-8"/>
    <property name="java.class.path" value="/Users/25jaso/projects/java/jpkg/target/test-classes:/Users/25jaso/projects/java/jpkg/target/classes:/Users/25jaso/.m2/repository/org/mockito/mockito-all/1.8.4/mockito-all-1.8.4.jar:/Users/25jaso/.m2/repository/com/fasterxml/jackson/core/jackson-core/2.17.2/jackson-core-2.17.2.jar:/Users/25jaso/.m2/repository/com/fasterxml/jackson/core/jackson-databind/2.17.2/jackson-databind-2.17.2.jar:/Users/25jaso/.m2/repository/com/fasterxml/jackson/core/jackson-annotations/2.17.2/jackson-annotations-2.17.2.jar:/Users/25jaso/.m2/repository/org/junit/jupiter/junit-jupiter-api/5.11.0/junit-jupiter-api-5.11.0.jar:/Users/25jaso/.m2/repository/org/opentest4j/opentest4j/1.3.0/opentest4j-1.3.0.jar:/Users/25jaso/.m2/repository/org/junit/platform/junit-platform-commons/1.11.0/junit-platform-commons-1.11.0.jar:/Users/25jaso/.m2/repository/org/apiguardian/apiguardian-api/1.1.2/apiguardian-api-1.1.2.jar:/Users/25jaso/.m2/repository/org/junit/jupiter/junit-jupiter-params/5.11.0/junit-jupiter-params-5.11.0.jar:"/>
    <property name="java.vm.vendor" value="Homebrew"/>
    <property name="sun.arch.data.model" value="64"/>
    <property name="java.vendor.url" value="https://github.com/Homebrew/homebrew-core/issues"/>
    <property name="os.name" value="Mac OS X"/>
    <property name="java.vm.specification.version" value="23"/>
    <property name="sun.java.launcher" value="SUN_STANDARD"/>
    <property name="user.country" value="US"/>
    <property name="sun.boot.library.path" value="/Users/25jaso/Library/.jack/homebrew/Cellar/openjdk/23.0.1/libexec/openjdk.jdk/Contents/Home/lib"/>
    <property name="sun.java.command" value="/Users/25jaso/projects/java/jpkg/target/surefire/surefirebooter-20250105145715523_3.jar /Users/25jaso/projects/java/jpkg/target/surefire 2025-01-05T14-57-15_356-jvmRun1 surefire-20250105145715523_1tmp surefire_0-20250105145715523_2tmp"/>
    <property name="jdk.debug" value="release"/>
    <property name="surefire.test.class.path" value="/Users/25jaso/projects/java/jpkg/target/test-classes:/Users/25jaso/projects/java/jpkg/target/classes:/Users/25jaso/.m2/repository/org/mockito/mockito-all/1.8.4/mockito-all-1.8.4.jar:/Users/25jaso/.m2/repository/com/fasterxml/jackson/core/jackson-core/2.17.2/jackson-core-2.17.2.jar:/Users/25jaso/.m2/repository/com/fasterxml/jackson/core/jackson-databind/2.17.2/jackson-databind-2.17.2.jar:/Users/25jaso/.m2/repository/com/fasterxml/jackson/core/jackson-annotations/2.17.2/jackson-annotations-2.17.2.jar:/Users/25jaso/.m2/repository/org/junit/jupiter/junit-jupiter-api/5.11.0/junit-jupiter-api-5.11.0.jar:/Users/25jaso/.m2/repository/org/opentest4j/opentest4j/1.3.0/opentest4j-1.3.0.jar:/Users/25jaso/.m2/repository/org/junit/platform/junit-platform-commons/1.11.0/junit-platform-commons-1.11.0.jar:/Users/25jaso/.m2/repository/org/apiguardian/apiguardian-api/1.1.2/apiguardian-api-1.1.2.jar:/Users/25jaso/.m2/repository/org/junit/jupiter/junit-jupiter-params/5.11.0/junit-jupiter-params-5.11.0.jar:"/>
    <property name="sun.cpu.endian" value="little"/>
    <property name="user.home" value="/Users/25jaso"/>
    <property name="user.language" value="en"/>
    <property name="java.specification.vendor" value="Oracle Corporation"/>
    <property name="java.version.date" value="2024-10-15"/>
    <property name="java.home" value="/Users/25jaso/Library/.jack/homebrew/Cellar/openjdk/23.0.1/libexec/openjdk.jdk/Contents/Home"/>
    <property name="file.separator" value="/"/>
    <property name="basedir" value="/Users/25jaso/projects/java/jpkg"/>
    <property name="java.vm.compressedOopsMode" value="Zero based"/>
    <property name="line.separator" value="&#10;"/>
    <property name="java.specification.name" value="Java Platform API Specification"/>
    <property name="java.vm.specification.vendor" value="Oracle Corporation"/>
    <property name="apple.awt.application.name" value="ForkedBooter"/>
    <property name="surefire.real.class.path" value="/Users/25jaso/projects/java/jpkg/target/surefire/surefirebooter-20250105145715523_3.jar"/>
    <property name="sun.management.compiler" value="HotSpot 64-Bit Tiered Compilers"/>
    <property name="java.runtime.version" value="23.0.1"/>
    <property name="user.name" value="25jaso"/>
    <property name="stdout.encoding" value="UTF-8"/>
    <property name="path.separator" value=":"/>
    <property name="os.version" value="15.1.1"/>
    <property name="java.runtime.name" value="OpenJDK Runtime Environment"/>
    <property name="file.encoding" value="UTF-8"/>
    <property name="java.vm.name" value="OpenJDK 64-Bit Server VM"/>
    <property name="java.vendor.version" value="Homebrew"/>
    <property name="localRepository" value="/Users/25jaso/.m2/repository"/>
    <property name="java.vendor.url.bug" value="https://github.com/Homebrew/homebrew-core/issues"/>
    <property name="java.io.tmpdir" value="/var/folders/4n/qcdw8vk53_9cdbj7z0f2nypw0000gp/T/"/>
    <property name="java.version" value="23.0.1"/>
    <property name="user.dir" value="/Users/25jaso/projects/java/jpkg"/>
    <property name="os.arch" value="aarch64"/>
    <property name="java.vm.specification.name" value="Java Virtual Machine Specification"/>
    <property name="native.encoding" value="UTF-8"/>
    <property name="java.library.path" value="/Users/25jaso/Library/Java/Extensions:/Library/Java/Extensions:/Network/Library/Java/Extensions:/System/Library/Java/Extensions:/usr/lib/java:."/>
    <property name="java.vm.info" value="mixed mode, sharing"/>
    <property name="stderr.encoding" value="UTF-8"/>
    <property name="java.vendor" value="Homebrew"/>
    <property name="java.vm.version" value="23.0.1"/>
    <property name="sun.io.unicode.encoding" value="UnicodeBig"/>
    <property name="java.class.version" value="67.0"/>
  </properties>
  <testcase name="testGetPackageListFromServer" classname="com.jacksovern.jpkg.ListManagerTest" time="0.017">
    <error message="Unable to make private java.net.Socket(java.lang.Void,java.net.SocketImpl) accessible: module java.base does not &quot;opens java.net&quot; to unnamed module @2353b3e6" type="java.lang.reflect.InaccessibleObjectException"><![CDATA[java.lang.reflect.InaccessibleObjectException: Unable to make private java.net.Socket(java.lang.Void,java.net.SocketImpl) accessible: module java.base does not "opens java.net" to unnamed module @2353b3e6
	at java.base/java.lang.reflect.AccessibleObject.throwInaccessibleObjectException(AccessibleObject.java:388)
	at java.base/java.lang.reflect.AccessibleObject.checkCanSetAccessible(AccessibleObject.java:364)
	at java.base/java.lang.reflect.AccessibleObject.checkCanSetAccessible(AccessibleObject.java:312)
	at java.base/java.lang.reflect.Constructor.checkCanSetAccessible(Constructor.java:194)
	at java.base/java.lang.reflect.Constructor.setAccessible(Constructor.java:187)
	at org.mockito.internal.creation.jmock.ClassImposterizer.setConstructorsAccessible(ClassImposterizer.java:59)
	at org.mockito.internal.creation.jmock.ClassImposterizer.imposterise(ClassImposterizer.java:49)
	at org.mockito.internal.util.MockUtil.createMock(MockUtil.java:54)
	at org.mockito.internal.MockitoCore.mock(MockitoCore.java:44)
	at org.mockito.Mockito.mock(Mockito.java:882)
	at org.mockito.Mockito.mock(Mockito.java:777)
	at com.jacksovern.jpkg.ListManagerTest.setUp(ListManagerTest.java:25)
	at java.base/java.lang.reflect.Method.invoke(Method.java:580)
	at java.base/java.util.ArrayList.forEach(ArrayList.java:1597)
	at java.base/java.util.ArrayList.forEach(ArrayList.java:1597)
]]></error>
  </testcase>
  <testcase name="testGetPackageList_FileNotExists" classname="com.jacksovern.jpkg.ListManagerTest" time="0.002">
    <error message="Unable to make private java.net.Socket(java.lang.Void,java.net.SocketImpl) accessible: module java.base does not &quot;opens java.net&quot; to unnamed module @2353b3e6" type="java.lang.reflect.InaccessibleObjectException"><![CDATA[java.lang.reflect.InaccessibleObjectException: Unable to make private java.net.Socket(java.lang.Void,java.net.SocketImpl) accessible: module java.base does not "opens java.net" to unnamed module @2353b3e6
	at java.base/java.lang.reflect.AccessibleObject.throwInaccessibleObjectException(AccessibleObject.java:388)
	at java.base/java.lang.reflect.AccessibleObject.checkCanSetAccessible(AccessibleObject.java:364)
	at java.base/java.lang.reflect.AccessibleObject.checkCanSetAccessible(AccessibleObject.java:312)
	at java.base/java.lang.reflect.Constructor.checkCanSetAccessible(Constructor.java:194)
	at java.base/java.lang.reflect.Constructor.setAccessible(Constructor.java:187)
	at org.mockito.internal.creation.jmock.ClassImposterizer.setConstructorsAccessible(ClassImposterizer.java:59)
	at org.mockito.internal.creation.jmock.ClassImposterizer.imposterise(ClassImposterizer.java:49)
	at org.mockito.internal.util.MockUtil.createMock(MockUtil.java:54)
	at org.mockito.internal.MockitoCore.mock(MockitoCore.java:44)
	at org.mockito.Mockito.mock(Mockito.java:882)
	at org.mockito.Mockito.mock(Mockito.java:777)
	at com.jacksovern.jpkg.ListManagerTest.setUp(ListManagerTest.java:25)
	at java.base/java.lang.reflect.Method.invoke(Method.java:580)
	at java.base/java.util.ArrayList.forEach(ArrayList.java:1597)
	at java.base/java.util.ArrayList.forEach(ArrayList.java:1597)
]]></error>
  </testcase>
  <testcase name="testGetPackageList_FileExists" classname="com.jacksovern.jpkg.ListManagerTest" time="0.001">
    <error message="Unable to make private java.net.Socket(java.lang.Void,java.net.SocketImpl) accessible: module java.base does not &quot;opens java.net&quot; to unnamed module @2353b3e6" type="java.lang.reflect.InaccessibleObjectException"><![CDATA[java.lang.reflect.InaccessibleObjectException: Unable to make private java.net.Socket(java.lang.Void,java.net.SocketImpl) accessible: module java.base does not "opens java.net" to unnamed module @2353b3e6
	at java.base/java.lang.reflect.AccessibleObject.throwInaccessibleObjectException(AccessibleObject.java:388)
	at java.base/java.lang.reflect.AccessibleObject.checkCanSetAccessible(AccessibleObject.java:364)
	at java.base/java.lang.reflect.AccessibleObject.checkCanSetAccessible(AccessibleObject.java:312)
	at java.base/java.lang.reflect.Constructor.checkCanSetAccessible(Constructor.java:194)
	at java.base/java.lang.reflect.Constructor.setAccessible(Constructor.java:187)
	at org.mockito.internal.creation.jmock.ClassImposterizer.setConstructorsAccessible(ClassImposterizer.java:59)
	at org.mockito.internal.creation.jmock.ClassImposterizer.imposterise(ClassImposterizer.java:49)
	at org.mockito.internal.util.MockUtil.createMock(MockUtil.java:54)
	at org.mockito.internal.MockitoCore.mock(MockitoCore.java:44)
	at org.mockito.Mockito.mock(Mockito.java:882)
	at org.mockito.Mockito.mock(Mockito.java:777)
	at com.jacksovern.jpkg.ListManagerTest.setUp(ListManagerTest.java:25)
	at java.base/java.lang.reflect.Method.invoke(Method.java:580)
	at java.base/java.util.ArrayList.forEach(ArrayList.java:1597)
	at java.base/java.util.ArrayList.forEach(ArrayList.java:1597)
]]></error>
  </testcase>
</testsuite>